[debug] [2025-07-03T20:01:46.198Z] ----------------------------------------------------------------------
[debug] [2025-07-03T20:01:46.208Z] Command:       C:\Program Files\nodejs\node.exe C:\Users\Famzy\AppData\Roaming\npm\node_modules\firebase-tools\lib\bin\firebase.js init functions
[debug] [2025-07-03T20:01:46.209Z] CLI Version:   14.9.0
[debug] [2025-07-03T20:01:46.210Z] Platform:      win32
[debug] [2025-07-03T20:01:46.210Z] Node Version:  v22.2.0
[debug] [2025-07-03T20:01:46.211Z] Time:          Thu Jul 03 2025 21:01:46 GMT+0100 (West Africa Standard Time)
[debug] [2025-07-03T20:01:46.211Z] ----------------------------------------------------------------------
[debug] 
[debug] [2025-07-03T20:01:46.245Z] > command requires scopes: ["email","openid","https://www.googleapis.com/auth/cloudplatformprojects.readonly","https://www.googleapis.com/auth/firebase","https://www.googleapis.com/auth/cloud-platform"]
[debug] [2025-07-03T20:01:46.246Z] > authorizing via signed-in user (akinolafemi077@gmail.com)
[info] 
     ######## #### ########  ######## ########     ###     ######  ########
     ##        ##  ##     ## ##       ##     ##  ##   ##  ##       ##
     ######    ##  ########  ######   ########  #########  ######  ######
     ##        ##  ##    ##  ##       ##     ## ##     ##       ## ##
     ##       #### ##     ## ######## ########  ##     ##  ######  ########

You're about to initialize a Firebase project in this directory:

  C:\Users\Famzy\Desktop\All Projects\Personal-Portfolio

[info] 
=== Project Setup
[info] 
[info] First, let's associate this project directory with a Firebase project.
[info] You can create multiple project aliases by running firebase use --add, 
[info] but for now we'll just set up a default project.
[info] 
[debug] [2025-07-03T20:02:23.111Z] Checked if tokens are valid: true, expires at: 1751576484655
[debug] [2025-07-03T20:02:23.112Z] Checked if tokens are valid: true, expires at: 1751576484655
[debug] [2025-07-03T20:02:23.119Z] >>> [apiv2][query] GET https://firebase.googleapis.com/v1beta1/projects pageSize=100
[debug] [2025-07-03T20:02:26.843Z] <<< [apiv2][status] GET https://firebase.googleapis.com/v1beta1/projects 200
[debug] [2025-07-03T20:02:26.844Z] <<< [apiv2][body] GET https://firebase.googleapis.com/v1beta1/projects [omitted]
[info] i  Using project portfolio-79b32 (Portfolio) 
[info] 
=== Functions Setup
[debug] [2025-07-03T20:02:30.884Z] > command requires scopes: ["email","openid","https://www.googleapis.com/auth/cloudplatformprojects.readonly","https://www.googleapis.com/auth/firebase","https://www.googleapis.com/auth/cloud-platform"]
[debug] [2025-07-03T20:02:30.884Z] > authorizing via signed-in user (akinolafemi077@gmail.com)
[debug] [2025-07-03T20:02:30.884Z] [iam] checking project portfolio-79b32 for permissions ["firebase.projects.get"]
[debug] [2025-07-03T20:02:30.885Z] Checked if tokens are valid: true, expires at: 1751576484655
[debug] [2025-07-03T20:02:30.885Z] Checked if tokens are valid: true, expires at: 1751576484655
[debug] [2025-07-03T20:02:30.885Z] >>> [apiv2][query] POST https://cloudresourcemanager.googleapis.com/v1/projects/portfolio-79b32:testIamPermissions [none]
[debug] [2025-07-03T20:02:30.885Z] >>> [apiv2][(partial)header] POST https://cloudresourcemanager.googleapis.com/v1/projects/portfolio-79b32:testIamPermissions x-goog-quota-user=projects/portfolio-79b32
[debug] [2025-07-03T20:02:30.885Z] >>> [apiv2][body] POST https://cloudresourcemanager.googleapis.com/v1/projects/portfolio-79b32:testIamPermissions {"permissions":["firebase.projects.get"]}
[debug] [2025-07-03T20:02:40.754Z] <<< [apiv2][status] POST https://cloudresourcemanager.googleapis.com/v1/projects/portfolio-79b32:testIamPermissions 200
[debug] [2025-07-03T20:02:40.755Z] <<< [apiv2][body] POST https://cloudresourcemanager.googleapis.com/v1/projects/portfolio-79b32:testIamPermissions {"permissions":["firebase.projects.get"]}
[debug] [2025-07-03T20:02:40.759Z] Checked if tokens are valid: true, expires at: 1751576484655
[debug] [2025-07-03T20:02:40.759Z] Checked if tokens are valid: true, expires at: 1751576484655
[debug] [2025-07-03T20:02:40.760Z] Checked if tokens are valid: true, expires at: 1751576484655
[debug] [2025-07-03T20:02:40.761Z] Checked if tokens are valid: true, expires at: 1751576484655
[debug] [2025-07-03T20:02:40.761Z] >>> [apiv2][query] GET https://serviceusage.googleapis.com/v1/projects/portfolio-79b32/services/cloudfunctions.googleapis.com [none]
[debug] [2025-07-03T20:02:40.761Z] >>> [apiv2][(partial)header] GET https://serviceusage.googleapis.com/v1/projects/portfolio-79b32/services/cloudfunctions.googleapis.com x-goog-quota-user=projects/portfolio-79b32
[debug] [2025-07-03T20:02:40.766Z] >>> [apiv2][query] GET https://serviceusage.googleapis.com/v1/projects/portfolio-79b32/services/runtimeconfig.googleapis.com [none]
[debug] [2025-07-03T20:02:40.767Z] >>> [apiv2][(partial)header] GET https://serviceusage.googleapis.com/v1/projects/portfolio-79b32/services/runtimeconfig.googleapis.com x-goog-quota-user=projects/portfolio-79b32
[debug] [2025-07-03T20:02:42.405Z] <<< [apiv2][status] GET https://serviceusage.googleapis.com/v1/projects/portfolio-79b32/services/runtimeconfig.googleapis.com 200
[debug] [2025-07-03T20:02:42.405Z] <<< [apiv2][body] GET https://serviceusage.googleapis.com/v1/projects/portfolio-79b32/services/runtimeconfig.googleapis.com [omitted]
[debug] [2025-07-03T20:02:42.419Z] <<< [apiv2][status] GET https://serviceusage.googleapis.com/v1/projects/portfolio-79b32/services/cloudfunctions.googleapis.com 200
[debug] [2025-07-03T20:02:42.420Z] <<< [apiv2][body] GET https://serviceusage.googleapis.com/v1/projects/portfolio-79b32/services/cloudfunctions.googleapis.com [omitted]
[debug] [2025-07-03T20:02:42.420Z] Checked if tokens are valid: true, expires at: 1751576484655
[debug] [2025-07-03T20:02:42.420Z] Checked if tokens are valid: true, expires at: 1751576484655
[debug] [2025-07-03T20:02:42.421Z] >>> [apiv2][query] POST https://serviceusage.googleapis.com/v1/projects/portfolio-79b32/services/cloudfunctions.googleapis.com:enable [none]
[debug] [2025-07-03T20:02:42.421Z] >>> [apiv2][(partial)header] POST https://serviceusage.googleapis.com/v1/projects/portfolio-79b32/services/cloudfunctions.googleapis.com:enable x-goog-quota-user=projects/portfolio-79b32
[debug] [2025-07-03T20:02:44.367Z] <<< [apiv2][status] POST https://serviceusage.googleapis.com/v1/projects/portfolio-79b32/services/cloudfunctions.googleapis.com:enable 200
[debug] [2025-07-03T20:02:44.367Z] <<< [apiv2][body] POST https://serviceusage.googleapis.com/v1/projects/portfolio-79b32/services/cloudfunctions.googleapis.com:enable [omitted]
[info] Let's create a new codebase for your functions.
[info] A directory corresponding to the codebase will be created in your project
[info] with sample code pre-configured.

[info] See https://firebase.google.com/docs/functions/organize-functions for
[info] more information on organizing your functions using codebases.

[info] Functions can be deployed with firebase deploy.

[info] +  Wrote functions/package.json 
[info] +  Wrote functions/.eslintrc.js 
[info] +  Wrote functions/tsconfig.dev.json 
[info] +  Wrote functions/tsconfig.json 
[info] +  Wrote functions/src/index.ts 
[info] +  Wrote functions/.gitignore 
